<?xml version="1.0" encoding="UTF-8"?>
<!-- Generated by org.testng.reporters.JUnitReportReporter -->
<testsuite skipped="0" hostname="RSI1505" name="br.com.rsinet.hub_TDD.testes.TesteCadastro" tests="2" failures="0" timestamp="2020-01-16T11:00:26 BRT" time="30.567" errors="0">
  <testcase name="testeCadastroValido" time="15.519" classname="br.com.rsinet.hub_TDD.testes.TesteCadastro"/>
  <testcase name="testeCadastroInvalido" time="15.048" classname="br.com.rsinet.hub_TDD.testes.TesteCadastro"/>
</testsuite> <!-- br.com.rsinet.hub_TDD.testes.TesteCadastro -->
