<?xml version="1.0" encoding="UTF-8"?>
<!-- Generated by org.testng.reporters.JUnitReportReporter -->
<testsuite skipped="0" hostname="RSI1505" name="br.com.rsinet.hub_TDD.testes.TestBuscaLupa" tests="2" failures="0" timestamp="2020-01-15T14:14:53 BRT" time="30.121" errors="0">
  <testcase name="testaBuscaLupaInvalido" time="16.777" classname="br.com.rsinet.hub_TDD.testes.TestBuscaLupa"/>
  <testcase name="testaBuscaLupaValido" time="13.344" classname="br.com.rsinet.hub_TDD.testes.TestBuscaLupa"/>
</testsuite> <!-- br.com.rsinet.hub_TDD.testes.TestBuscaLupa -->
