<?xml version="1.0" encoding="UTF-8"?>
<!-- Generated by org.testng.reporters.JUnitReportReporter -->
<testsuite skipped="0" hostname="RSI1505" name="br.com.rsinet.hub_TDD.testes.TestBuscaLupa" tests="2" failures="0" timestamp="2020-01-16T11:00:26 BRT" time="30.853" errors="0">
  <testcase name="testaBuscaLupaInvalido" time="17.463" classname="br.com.rsinet.hub_TDD.testes.TestBuscaLupa"/>
  <testcase name="testaBuscaLupaValido" time="13.390" classname="br.com.rsinet.hub_TDD.testes.TestBuscaLupa"/>
</testsuite> <!-- br.com.rsinet.hub_TDD.testes.TestBuscaLupa -->
