<?xml version="1.0" encoding="UTF-8"?>
<!-- Generated by org.testng.reporters.JUnitReportReporter -->
<testsuite skipped="0" hostname="RSI1505" name="br.com.rsinet.hub_TDD.testes.TestCadastraNovoUser" tests="2" failures="0" timestamp="2020-01-14T14:48:45 BRT" time="53.279" errors="0">
  <testcase name="testaCadastroValido" time="28.823" classname="br.com.rsinet.hub_TDD.testes.TestCadastraNovoUser"/>
  <testcase name="testaCadastroInvalido" time="24.456" classname="br.com.rsinet.hub_TDD.testes.TestCadastraNovoUser"/>
</testsuite> <!-- br.com.rsinet.hub_TDD.testes.TestCadastraNovoUser -->
