<?xml version="1.0" encoding="UTF-8"?>
<!-- Generated by org.testng.reporters.JUnitReportReporter -->
<testsuite skipped="0" hostname="RSI1505" name="br.com.rsinet.hub_TDD.testes.BuscaCliqueInvalido" tests="1" failures="0" timestamp="2020-01-16T14:04:09 BRT" time="17.734" errors="0">
  <testcase name="testaBuscaCliqueInvalido" time="17.734" classname="br.com.rsinet.hub_TDD.testes.BuscaCliqueInvalido"/>
</testsuite> <!-- br.com.rsinet.hub_TDD.testes.BuscaCliqueInvalido -->
