<?xml version="1.0" encoding="UTF-8"?>
<!-- Generated by org.testng.reporters.JUnitReportReporter -->
<testsuite skipped="0" hostname="RSI1505" name="br.com.rsinet.hub_TDD.testes.TesteBuscaClique" tests="2" failures="0" timestamp="2020-01-17T16:56:56 BRT" time="34.061" errors="0">
  <testcase name="testaBuscaCliqueValido" time="16.616" classname="br.com.rsinet.hub_TDD.testes.TesteBuscaClique"/>
  <testcase name="testaBuscaCliqueInvalido" time="17.445" classname="br.com.rsinet.hub_TDD.testes.TesteBuscaClique"/>
</testsuite> <!-- br.com.rsinet.hub_TDD.testes.TesteBuscaClique -->
