<?xml version="1.0" encoding="UTF-8"?>
<!-- Generated by org.testng.reporters.JUnitReportReporter -->
<testsuite skipped="0" hostname="RSI1505" name="br.com.rsinet.hub_TDD.testes.TesteBuscaClique" tests="2" failures="0" timestamp="2020-01-15T15:09:31 BRT" time="34.517" errors="0">
  <testcase name="testaBuscaCliqueValido" time="18.427" classname="br.com.rsinet.hub_TDD.testes.TesteBuscaClique"/>
  <testcase name="testaBuscaCliqueInvalido" time="16.090" classname="br.com.rsinet.hub_TDD.testes.TesteBuscaClique"/>
</testsuite> <!-- br.com.rsinet.hub_TDD.testes.TesteBuscaClique -->
