<?xml version="1.0" encoding="UTF-8"?>
<!-- Generated by org.testng.reporters.JUnitReportReporter -->
<testsuite skipped="0" hostname="RSI1505" name="br.com.rsinet.hub_TDD.testes.TesteBuscaClique" tests="2" failures="0" timestamp="2020-01-27T16:09:11 BRT" time="31.380" errors="0">
  <testcase name="testaBuscaCliqueInvalido" time="15.388" classname="br.com.rsinet.hub_TDD.testes.TesteBuscaClique"/>
  <testcase name="testaBuscaCliqueValido" time="15.992" classname="br.com.rsinet.hub_TDD.testes.TesteBuscaClique"/>
</testsuite> <!-- br.com.rsinet.hub_TDD.testes.TesteBuscaClique -->
