<?xml version="1.0" encoding="UTF-8"?>
<!-- Generated by org.testng.reporters.JUnitReportReporter -->
<testsuite skipped="0" hostname="RSI1505" name="br.com.rsinet.hub_TDD.testes.TesteCadastro" tests="2" failures="0" timestamp="2020-01-28T14:19:31 BRT" time="54.131" errors="0">
  <testcase name="testeCadastroValido" time="20.633" classname="br.com.rsinet.hub_TDD.testes.TesteCadastro"/>
  <testcase name="testeCadastroInvalido" time="33.498" classname="br.com.rsinet.hub_TDD.testes.TesteCadastro"/>
</testsuite> <!-- br.com.rsinet.hub_TDD.testes.TesteCadastro -->
