<?xml version="1.0" encoding="UTF-8"?>
<!-- Generated by org.testng.reporters.JUnitReportReporter -->
<testsuite skipped="0" hostname="RSI1505" name="br.com.rsinet.hub_TDD.testes.TesteCadastro" tests="2" failures="0" timestamp="2020-01-17T15:33:33 BRT" time="51.939" errors="0">
  <testcase name="testeCadastroValido" time="20.276" classname="br.com.rsinet.hub_TDD.testes.TesteCadastro"/>
  <testcase name="testeCadastroInvalido" time="31.663" classname="br.com.rsinet.hub_TDD.testes.TesteCadastro"/>
</testsuite> <!-- br.com.rsinet.hub_TDD.testes.TesteCadastro -->
