<?xml version="1.0" encoding="UTF-8"?>
<!-- Generated by org.testng.reporters.JUnitReportReporter -->
<testsuite skipped="0" hostname="RSI1505" name="br.com.rsinet.hub_TDD.testes.TestBuscaLupa" tests="2" failures="0" timestamp="2020-01-27T16:09:11 BRT" time="29.204" errors="0">
  <testcase name="testaBuscaLupaInvalido" time="15.850" classname="br.com.rsinet.hub_TDD.testes.TestBuscaLupa"/>
  <testcase name="testaBuscaLupaValido" time="13.354" classname="br.com.rsinet.hub_TDD.testes.TestBuscaLupa"/>
</testsuite> <!-- br.com.rsinet.hub_TDD.testes.TestBuscaLupa -->
