<?xml version="1.0" encoding="UTF-8"?>
<!-- Generated by org.testng.reporters.JUnitReportReporter -->
<testsuite skipped="0" hostname="RSI1505" name="br.com.rsinet.hub_TDD.testes.TesteBuscaClique" tests="1" failures="0" timestamp="2020-01-16T13:46:34 BRT" time="25.416" errors="0">
  <testcase name="testaBuscaCliqueValido" time="25.416" classname="br.com.rsinet.hub_TDD.testes.TesteBuscaClique"/>
</testsuite> <!-- br.com.rsinet.hub_TDD.testes.TesteBuscaClique -->
