<?xml version="1.0" encoding="UTF-8"?>
<!-- Generated by org.testng.reporters.JUnitReportReporter -->
<testsuite skipped="0" hostname="RSI1505" name="br.com.rsinet.hub_TDD.testes.TesteBuscaClique" tests="2" failures="0" timestamp="2020-01-27T11:07:23 BRT" time="35.260" errors="0">
  <testcase name="testaBuscaCliqueInvalido" time="17.081" classname="br.com.rsinet.hub_TDD.testes.TesteBuscaClique"/>
  <testcase name="testaBuscaCliqueValido" time="18.179" classname="br.com.rsinet.hub_TDD.testes.TesteBuscaClique"/>
</testsuite> <!-- br.com.rsinet.hub_TDD.testes.TesteBuscaClique -->
