<?xml version="1.0" encoding="UTF-8"?>
<!-- Generated by org.testng.reporters.JUnitReportReporter -->
<testsuite skipped="0" hostname="RSI1505" name="br.com.rsinet.hub_TDD.testes.TestBuscaLupa" tests="2" failures="0" timestamp="2020-01-27T11:07:23 BRT" time="29.990" errors="0">
  <testcase name="testaBuscaLupaInvalido" time="15.691" classname="br.com.rsinet.hub_TDD.testes.TestBuscaLupa"/>
  <testcase name="testaBuscaLupaValido" time="14.299" classname="br.com.rsinet.hub_TDD.testes.TestBuscaLupa"/>
</testsuite> <!-- br.com.rsinet.hub_TDD.testes.TestBuscaLupa -->
