<?xml version="1.0" encoding="UTF-8"?>
<!-- Generated by org.testng.reporters.JUnitReportReporter -->
<testsuite skipped="0" hostname="RSI1505" name="br.com.rsinet.hub_TDD.testes.TesteCadastro" tests="2" failures="0" timestamp="2020-01-15T11:47:23 BRT" time="38.024" errors="0">
  <testcase name="testaCadastroValido" time="17.736" classname="br.com.rsinet.hub_TDD.testes.TesteCadastro"/>
  <testcase name="testaCadastroInvalido" time="20.288" classname="br.com.rsinet.hub_TDD.testes.TesteCadastro"/>
</testsuite> <!-- br.com.rsinet.hub_TDD.testes.TesteCadastro -->
